{"/Users/kguo/Projects/javascript/zeller/computer-store/src/Checkout.ts": {"path":"/Users/kguo/Projects/javascript/zeller/computer-store/src/Checkout.ts","statementMap":{"0":{"start":{"line":6,"column":4},"end":{"line":6,"column":null}},"1":{"start":{"line":13,"column":4},"end":{"line":15,"column":null}},"2":{"start":{"line":14,"column":8},"end":{"line":14,"column":43}},"3":{"start":{"line":16,"column":4},"end":{"line":18,"column":null}},"4":{"start":{"line":17,"column":8},"end":{"line":17,"column":null}},"5":{"start":{"line":19,"column":4},"end":{"line":36,"column":null}},"6":{"start":{"line":20,"column":24},"end":{"line":29,"column":9}},"7":{"start":{"line":22,"column":30},"end":{"line":23,"column":68}},"8":{"start":{"line":23,"column":32},"end":{"line":23,"column":60}},"9":{"start":{"line":24,"column":12},"end":{"line":28,"column":null}},"10":{"start":{"line":26,"column":64},"end":{"line":26,"column":92}},"11":{"start":{"line":32,"column":23},"end":{"line":33,"column":99}},"12":{"start":{"line":35,"column":8},"end":{"line":35,"column":null}},"13":{"start":{"line":10,"column":8},"end":{"line":10,"column":null}},"14":{"start":{"line":5,"column":0},"end":{"line":5,"column":21}}},"fnMap":{"0":{"name":"(anonymous_0)","decl":{"start":{"line":9,"column":4},"end":{"line":9,"column":16}},"loc":{"start":{"line":9,"column":43},"end":{"line":11,"column":5}}},"1":{"name":"(anonymous_1)","decl":{"start":{"line":13,"column":11},"end":{"line":13,"column":12}},"loc":{"start":{"line":13,"column":26},"end":{"line":15,"column":5}}},"2":{"name":"(anonymous_2)","decl":{"start":{"line":16,"column":12},"end":{"line":16,"column":15}},"loc":{"start":{"line":16,"column":17},"end":{"line":18,"column":5}}},"3":{"name":"(anonymous_3)","decl":{"start":{"line":19,"column":12},"end":{"line":19,"column":15}},"loc":{"start":{"line":19,"column":17},"end":{"line":36,"column":5}}},"4":{"name":"(anonymous_4)","decl":{"start":{"line":20,"column":24},"end":{"line":20,"column":25}},"loc":{"start":{"line":20,"column":79},"end":{"line":29,"column":9}}},"5":{"name":"(anonymous_5)","decl":{"start":{"line":23,"column":24},"end":{"line":23,"column":28}},"loc":{"start":{"line":23,"column":32},"end":{"line":23,"column":60}}},"6":{"name":"(anonymous_6)","decl":{"start":{"line":26,"column":56},"end":{"line":26,"column":60}},"loc":{"start":{"line":26,"column":64},"end":{"line":26,"column":92}}}},"branchMap":{},"s":{"0":1,"1":1,"2":34,"3":1,"4":5,"5":1,"6":6,"7":24,"8":79,"9":24,"10":79,"11":6,"12":6,"13":1,"14":1},"f":{"0":1,"1":34,"2":5,"3":6,"4":24,"5":79,"6":79},"b":{}}
,"/Users/kguo/Projects/javascript/zeller/computer-store/src/Item.ts": {"path":"/Users/kguo/Projects/javascript/zeller/computer-store/src/Item.ts","statementMap":{"0":{"start":{"line":2,"column":4},"end":{"line":2,"column":null}},"1":{"start":{"line":3,"column":4},"end":{"line":3,"column":null}},"2":{"start":{"line":4,"column":4},"end":{"line":4,"column":null}},"3":{"start":{"line":7,"column":8},"end":{"line":7,"column":null}},"4":{"start":{"line":8,"column":8},"end":{"line":8,"column":null}},"5":{"start":{"line":9,"column":8},"end":{"line":9,"column":null}},"6":{"start":{"line":1,"column":0},"end":{"line":1,"column":21}}},"fnMap":{"0":{"name":"(anonymous_0)","decl":{"start":{"line":6,"column":4},"end":{"line":6,"column":16}},"loc":{"start":{"line":6,"column":56},"end":{"line":10,"column":5}}}},"branchMap":{},"s":{"0":4,"1":4,"2":4,"3":4,"4":4,"5":4,"6":1},"f":{"0":4},"b":{}}
,"/Users/kguo/Projects/javascript/zeller/computer-store/src/PricingRule.ts": {"path":"/Users/kguo/Projects/javascript/zeller/computer-store/src/PricingRule.ts","statementMap":{"0":{"start":{"line":3,"column":4},"end":{"line":3,"column":null}},"1":{"start":{"line":4,"column":4},"end":{"line":4,"column":null}},"2":{"start":{"line":4,"column":44},"end":{"line":4,"column":47}},"3":{"start":{"line":7,"column":8},"end":{"line":7,"column":null}},"4":{"start":{"line":8,"column":8},"end":{"line":8,"column":null}},"5":{"start":{"line":2,"column":0},"end":{"line":2,"column":21}}},"fnMap":{"0":{"name":"(anonymous_0)","decl":{"start":{"line":6,"column":4},"end":{"line":6,"column":16}},"loc":{"start":{"line":6,"column":60},"end":{"line":9,"column":5}}},"1":{"name":"(anonymous_1)","decl":{"start":{"line":4,"column":38},"end":{"line":4,"column":41}},"loc":{"start":{"line":4,"column":44},"end":{"line":4,"column":47}}}},"branchMap":{},"s":{"0":4,"1":4,"2":0,"3":4,"4":4,"5":1},"f":{"0":4,"1":0},"b":{}}
,"/Users/kguo/Projects/javascript/zeller/computer-store/src/PricingRules.ts": {"path":"/Users/kguo/Projects/javascript/zeller/computer-store/src/PricingRules.ts","statementMap":{"0":{"start":{"line":1,"column":0},"end":{"line":1,"column":39}},"1":{"start":{"line":3,"column":34},"end":{"line":5,"column":1}},"2":{"start":{"line":4,"column":4},"end":{"line":4,"column":null}},"3":{"start":{"line":7,"column":23},"end":{"line":18,"column":6}},"4":{"start":{"line":9,"column":28},"end":{"line":9,"column":29}},"5":{"start":{"line":10,"column":22},"end":{"line":10,"column":28}},"6":{"start":{"line":11,"column":29},"end":{"line":11,"column":64}},"7":{"start":{"line":12,"column":28},"end":{"line":12,"column":51}},"8":{"start":{"line":14,"column":8},"end":{"line":14,"column":null}},"9":{"start":{"line":16,"column":29},"end":{"line":16,"column":69}},"10":{"start":{"line":17,"column":8},"end":{"line":17,"column":null}},"11":{"start":{"line":20,"column":23},"end":{"line":26,"column":6}},"12":{"start":{"line":22,"column":28},"end":{"line":22,"column":29}},"13":{"start":{"line":23,"column":22},"end":{"line":23,"column":28}},"14":{"start":{"line":24,"column":29},"end":{"line":24,"column":35}},"15":{"start":{"line":25,"column":8},"end":{"line":25,"column":null}},"16":{"start":{"line":28,"column":23},"end":{"line":29,"column":64}},"17":{"start":{"line":29,"column":19},"end":{"line":29,"column":63}},"18":{"start":{"line":31,"column":23},"end":{"line":36,"column":6}},"19":{"start":{"line":33,"column":25},"end":{"line":33,"column":80}},"20":{"start":{"line":33,"column":54},"end":{"line":33,"column":72}},"21":{"start":{"line":34,"column":26},"end":{"line":34,"column":55}},"22":{"start":{"line":35,"column":8},"end":{"line":35,"column":null}},"23":{"start":{"line":38,"column":21},"end":{"line":38,"column":85}},"24":{"start":{"line":39,"column":0},"end":{"line":39,"column":null}}},"fnMap":{"0":{"name":"(anonymous_0)","decl":{"start":{"line":3,"column":34},"end":{"line":3,"column":35}},"loc":{"start":{"line":3,"column":71},"end":{"line":5,"column":1}}},"1":{"name":"(anonymous_1)","decl":{"start":{"line":8,"column":4},"end":{"line":8,"column":5}},"loc":{"start":{"line":8,"column":26},"end":{"line":18,"column":5}}},"2":{"name":"(anonymous_2)","decl":{"start":{"line":21,"column":4},"end":{"line":21,"column":5}},"loc":{"start":{"line":21,"column":26},"end":{"line":26,"column":5}}},"3":{"name":"(anonymous_3)","decl":{"start":{"line":29,"column":4},"end":{"line":29,"column":5}},"loc":{"start":{"line":29,"column":19},"end":{"line":29,"column":63}}},"4":{"name":"(anonymous_4)","decl":{"start":{"line":32,"column":4},"end":{"line":32,"column":5}},"loc":{"start":{"line":32,"column":27},"end":{"line":36,"column":5}}},"5":{"name":"(anonymous_5)","decl":{"start":{"line":33,"column":46},"end":{"line":33,"column":50}},"loc":{"start":{"line":33,"column":54},"end":{"line":33,"column":72}}}},"branchMap":{"0":{"loc":{"start":{"line":25,"column":41},"end":{"line":25,"column":65}},"type":"cond-expr","locations":[{"start":{"line":25,"column":41},"end":{"line":25,"column":65}},{"start":{"line":25,"column":68},"end":{"line":25,"column":85}}]}},"s":{"0":1,"1":1,"2":6,"3":1,"4":6,"5":6,"6":6,"7":6,"8":6,"9":6,"10":6,"11":1,"12":6,"13":6,"14":6,"15":6,"16":1,"17":6,"18":1,"19":6,"20":34,"21":6,"22":6,"23":1,"24":1},"f":{"0":6,"1":6,"2":6,"3":6,"4":6,"5":34},"b":{"0":[2,4]}}
}
